2014-11-08 18:36:32 Error: [MissingControllerException] Controller class IndexController could not be found.
Exception Attributes: array (
  'class' => 'IndexController',
  'plugin' => NULL,
)
Request URL: /morningflights/cakephp/app/myapp/index
Stack Trace:
#0 C:\xampp\htdocs\morningflights\cakephp\app\myapp\webroot\index.php(99): Dispatcher->dispatch(Object(CakeRequest), Object(CakeResponse))
#1 {main}
2014-11-08 18:36:42 Error: [MissingControllerException] Controller class MfdatesController could not be found.
Exception Attributes: array (
  'class' => 'MfdatesController',
  'plugin' => NULL,
)
Request URL: /morningflights/cakephp/app/myapp/Mfdates/index
Stack Trace:
#0 C:\xampp\htdocs\morningflights\cakephp\app\myapp\webroot\index.php(99): Dispatcher->dispatch(Object(CakeRequest), Object(CakeResponse))
#1 {main}
2014-11-08 18:37:06 Error: [MissingControllerException] Controller class MfdatesController could not be found.
Exception Attributes: array (
  'class' => 'MfdatesController',
  'plugin' => NULL,
)
Request URL: /morningflights/cakephp/app/myapp/mfdates
Stack Trace:
#0 C:\xampp\htdocs\morningflights\cakephp\app\myapp\webroot\index.php(99): Dispatcher->dispatch(Object(CakeRequest), Object(CakeResponse))
#1 {main}
2014-11-08 18:37:32 Error: [MissingControllerException] Controller class MfdatesController could not be found.
Exception Attributes: array (
  'class' => 'MfdatesController',
  'plugin' => NULL,
)
Request URL: /morningflights/cakephp/app/myapp/mfdates
Stack Trace:
#0 C:\xampp\htdocs\morningflights\cakephp\app\myapp\webroot\index.php(99): Dispatcher->dispatch(Object(CakeRequest), Object(CakeResponse))
#1 {main}
2014-11-08 18:37:34 Error: [MissingControllerException] Controller class MfdatesController could not be found.
Exception Attributes: array (
  'class' => 'MfdatesController',
  'plugin' => NULL,
)
Request URL: /morningflights/cakephp/app/myapp/mfdates
Stack Trace:
#0 C:\xampp\htdocs\morningflights\cakephp\app\myapp\webroot\index.php(99): Dispatcher->dispatch(Object(CakeRequest), Object(CakeResponse))
#1 {main}
2014-11-08 18:38:05 Error: [MissingControllerException] Controller class MfdatesController could not be found.
Exception Attributes: array (
  'class' => 'MfdatesController',
  'plugin' => NULL,
)
Request URL: /morningflights/cakephp/app/myapp/mfdates
Stack Trace:
#0 C:\xampp\htdocs\morningflights\cakephp\app\myapp\webroot\index.php(99): Dispatcher->dispatch(Object(CakeRequest), Object(CakeResponse))
#1 {main}
2014-11-08 18:38:22 Error: [MissingControllerException] Controller class MfdatesController could not be found.
Exception Attributes: array (
  'class' => 'MfdatesController',
  'plugin' => NULL,
)
Request URL: /morningflights/cakephp/app/myapp/mfdates
Stack Trace:
#0 C:\xampp\htdocs\morningflights\cakephp\app\myapp\webroot\index.php(99): Dispatcher->dispatch(Object(CakeRequest), Object(CakeResponse))
#1 {main}
2014-11-08 18:38:31 Error: [MissingControllerException] Controller class MfdatesController could not be found.
Exception Attributes: array (
  'class' => 'MfdatesController',
  'plugin' => NULL,
)
Request URL: /morningflights/cakephp/app/myapp/mfdates
Stack Trace:
#0 C:\xampp\htdocs\morningflights\cakephp\app\myapp\webroot\index.php(99): Dispatcher->dispatch(Object(CakeRequest), Object(CakeResponse))
#1 {main}
2014-11-08 18:39:46 Error: [MissingControllerException] Controller class MfdatesController could not be found.
Exception Attributes: array (
  'class' => 'MfdatesController',
  'plugin' => NULL,
)
Request URL: /morningflights/cakephp/app/myapp/mfdates
Stack Trace:
#0 C:\xampp\htdocs\morningflights\cakephp\app\myapp\webroot\index.php(99): Dispatcher->dispatch(Object(CakeRequest), Object(CakeResponse))
#1 {main}
2014-11-08 18:39:49 Error: [MissingControllerException] Controller class MfdatesController could not be found.
Exception Attributes: array (
  'class' => 'MfdatesController',
  'plugin' => NULL,
)
Request URL: /morningflights/cakephp/app/myapp/mfdates
Stack Trace:
#0 C:\xampp\htdocs\morningflights\cakephp\app\myapp\webroot\index.php(99): Dispatcher->dispatch(Object(CakeRequest), Object(CakeResponse))
#1 {main}
2014-11-08 18:40:10 Error: Fatal Error (4): syntax error, unexpected '<' in [C:\xampp\htdocs\morningflights\cakephp\app\myapp\Controller\MfdatesController.php, line 3]
2014-11-08 18:40:10 Error: [FatalErrorException] syntax error, unexpected '<'
Request URL: /morningflights/cakephp/app/myapp/mfdates
Stack Trace:
#0 C:\xampp\htdocs\morningflights\cakephp\lib\Cake\Error\ErrorHandler.php(203): ErrorHandler::handleFatalError(4, 'syntax error, u...', 'C:\xampp\htdocs...', 3)
#1 [internal function]: ErrorHandler::handleError(4, 'syntax error, u...', 'C:\xampp\htdocs...', 3, Array)
#2 C:\xampp\htdocs\morningflights\cakephp\lib\Cake\Core\App.php(931): call_user_func('ErrorHandler::h...', 4, 'syntax error, u...', 'C:\xampp\htdocs...', 3, Array)
#3 C:\xampp\htdocs\morningflights\cakephp\lib\Cake\Core\App.php(904): App::_checkFatalError()
#4 [internal function]: App::shutdown()
#5 {main}
2014-11-08 18:40:20 Error: [MissingTableException] Table tbl_mfdates for model Mfdate was not found in datasource default.
Exception Attributes: array (
  'table' => 'tbl_mfdates',
  'class' => 'Mfdate',
  'ds' => 'default',
)
Request URL: /morningflights/cakephp/app/myapp/mfdates
Stack Trace:
#0 C:\xampp\htdocs\morningflights\cakephp\lib\Cake\Model\Model.php(3566): Model->setSource('mfdates')
#1 C:\xampp\htdocs\morningflights\cakephp\lib\Cake\Model\Model.php(2947): Model->getDataSource()
#2 C:\xampp\htdocs\morningflights\cakephp\lib\Cake\Model\Model.php(2919): Model->_readDataSource('all', Array)
#3 C:\xampp\htdocs\morningflights\cakephp\app\myapp\Controller\MfdatesController.php(8): Model->find('all')
#4 [internal function]: MfdatesController->index()
#5 C:\xampp\htdocs\morningflights\cakephp\lib\Cake\Controller\Controller.php(490): ReflectionMethod->invokeArgs(Object(MfdatesController), Array)
#6 C:\xampp\htdocs\morningflights\cakephp\lib\Cake\Routing\Dispatcher.php(191): Controller->invokeAction(Object(CakeRequest))
#7 C:\xampp\htdocs\morningflights\cakephp\lib\Cake\Routing\Dispatcher.php(165): Dispatcher->_invoke(Object(MfdatesController), Object(CakeRequest))
#8 C:\xampp\htdocs\morningflights\cakephp\app\myapp\webroot\index.php(99): Dispatcher->dispatch(Object(CakeRequest), Object(CakeResponse))
#9 {main}
2014-11-08 18:42:40 Error: [MissingControllerException] Controller class MfdatesController could not be found.
Exception Attributes: array (
  'class' => 'MfdatesController',
  'plugin' => NULL,
)
Request URL: /morningflights/cakephp/app/myapp/mfdates
Stack Trace:
#0 C:\xampp\htdocs\morningflights\cakephp\app\myapp\webroot\index.php(99): Dispatcher->dispatch(Object(CakeRequest), Object(CakeResponse))
#1 {main}
2014-11-08 18:43:09 Error: [MissingControllerException] Controller class MfdatesController could not be found.
Exception Attributes: array (
  'class' => 'MfdatesController',
  'plugin' => NULL,
)
Request URL: /morningflights/cakephp/app/myapp/mfdates
Stack Trace:
#0 C:\xampp\htdocs\morningflights\cakephp\app\myapp\webroot\index.php(99): Dispatcher->dispatch(Object(CakeRequest), Object(CakeResponse))
#1 {main}
2014-11-08 18:43:14 Error: [MissingViewException] View file "C:\xampp\htdocs\morningflights\cakephp\app\myapp\View\Mfcountdates\index.ctp" is missing.
Exception Attributes: array (
  'file' => 'C:\\xampp\\htdocs\\morningflights\\cakephp\\app\\myapp\\View\\Mfcountdates\\index.ctp',
)
Request URL: /morningflights/cakephp/app/myapp/mfcountdates
Stack Trace:
#0 C:\xampp\htdocs\morningflights\cakephp\lib\Cake\View\View.php(468): View->_getViewFileName(NULL)
#1 C:\xampp\htdocs\morningflights\cakephp\lib\Cake\Controller\Controller.php(954): View->render(NULL, NULL)
#2 C:\xampp\htdocs\morningflights\cakephp\lib\Cake\Routing\Dispatcher.php(198): Controller->render()
#3 C:\xampp\htdocs\morningflights\cakephp\lib\Cake\Routing\Dispatcher.php(165): Dispatcher->_invoke(Object(MfcountdatesController), Object(CakeRequest))
#4 C:\xampp\htdocs\morningflights\cakephp\app\myapp\webroot\index.php(99): Dispatcher->dispatch(Object(CakeRequest), Object(CakeResponse))
#5 {main}
2014-11-08 18:47:57 Error: [MissingControllerException] Controller class MfdatesController could not be found.
Exception Attributes: array (
  'class' => 'MfdatesController',
  'plugin' => NULL,
)
Request URL: /morningflights/cakephp/app/myapp/mfdates
Stack Trace:
#0 C:\xampp\htdocs\morningflights\cakephp\app\myapp\webroot\index.php(99): Dispatcher->dispatch(Object(CakeRequest), Object(CakeResponse))
#1 {main}
2014-11-08 18:53:58 Error: [MissingControllerException] Controller class MfhoursController could not be found.
Exception Attributes: array (
  'class' => 'MfhoursController',
  'plugin' => NULL,
)
Request URL: /morningflights/cakephp/app/myapp/mfhours
Stack Trace:
#0 C:\xampp\htdocs\morningflights\cakephp\app\myapp\webroot\index.php(99): Dispatcher->dispatch(Object(CakeRequest), Object(CakeResponse))
#1 {main}
2014-11-08 18:54:05 Error: [MissingControllerException] Controller class MfhourController could not be found.
Exception Attributes: array (
  'class' => 'MfhourController',
  'plugin' => NULL,
)
Request URL: /morningflights/cakephp/app/myapp/mfhour
Stack Trace:
#0 C:\xampp\htdocs\morningflights\cakephp\app\myapp\webroot\index.php(99): Dispatcher->dispatch(Object(CakeRequest), Object(CakeResponse))
#1 {main}
2014-11-08 18:54:16 Error: [MissingControllerException] Controller class MfspeciesController could not be found.
Exception Attributes: array (
  'class' => 'MfspeciesController',
  'plugin' => NULL,
)
Request URL: /morningflights/cakephp/app/myapp/mfspecies
Stack Trace:
#0 C:\xampp\htdocs\morningflights\cakephp\app\myapp\webroot\index.php(99): Dispatcher->dispatch(Object(CakeRequest), Object(CakeResponse))
#1 {main}
2014-11-08 19:01:04 Error: [MissingControllerException] Controller class MfspecysController could not be found.
Exception Attributes: array (
  'class' => 'MfspecysController',
  'plugin' => NULL,
)
Request URL: /morningflights/cakephp/app/myapp/mfspecys
Stack Trace:
#0 C:\xampp\htdocs\morningflights\cakephp\app\myapp\webroot\index.php(99): Dispatcher->dispatch(Object(CakeRequest), Object(CakeResponse))
#1 {main}
2014-11-08 19:01:48 Error: Fatal Error (1): Call to a member function setFlash() on a non-object in [C:\xampp\htdocs\morningflights\cakephp\app\myapp\Controller\MfspeciesController.php, line 52]
2014-11-08 19:01:48 Error: [FatalErrorException] Call to a member function setFlash() on a non-object
Request URL: /morningflights/cakephp/app/myapp/mfspecies/add
Stack Trace:
#0 C:\xampp\htdocs\morningflights\cakephp\lib\Cake\Error\ErrorHandler.php(203): ErrorHandler::handleFatalError(1, 'Call to a membe...', 'C:\xampp\htdocs...', 52)
#1 [internal function]: ErrorHandler::handleError(1, 'Call to a membe...', 'C:\xampp\htdocs...', 52, Array)
#2 C:\xampp\htdocs\morningflights\cakephp\lib\Cake\Core\App.php(931): call_user_func('ErrorHandler::h...', 1, 'Call to a membe...', 'C:\xampp\htdocs...', 52, Array)
#3 C:\xampp\htdocs\morningflights\cakephp\lib\Cake\Core\App.php(904): App::_checkFatalError()
#4 [internal function]: App::shutdown()
#5 {main}
2014-11-08 19:08:23 Error: Fatal Error (1): Call to a member function setFlash() on a non-object in [C:\xampp\htdocs\morningflights\cakephp\app\myapp\Controller\MfhoursController.php, line 73]
2014-11-08 19:08:23 Error: [FatalErrorException] Call to a member function setFlash() on a non-object
Request URL: /morningflights/cakephp/app/myapp/mfhours/edit/7
Stack Trace:
#0 C:\xampp\htdocs\morningflights\cakephp\lib\Cake\Error\ErrorHandler.php(203): ErrorHandler::handleFatalError(1, 'Call to a membe...', 'C:\xampp\htdocs...', 73)
#1 [internal function]: ErrorHandler::handleError(1, 'Call to a membe...', 'C:\xampp\htdocs...', 73, Array)
#2 C:\xampp\htdocs\morningflights\cakephp\lib\Cake\Core\App.php(931): call_user_func('ErrorHandler::h...', 1, 'Call to a membe...', 'C:\xampp\htdocs...', 73, Array)
#3 C:\xampp\htdocs\morningflights\cakephp\lib\Cake\Core\App.php(904): App::_checkFatalError()
#4 [internal function]: App::shutdown()
#5 {main}
2014-11-08 19:10:03 Error: Fatal Error (4): syntax error, unexpected T_VAR in [C:\xampp\htdocs\morningflights\cakephp\app\myapp\Controller\AppController.php, line 30]
2014-11-08 19:10:03 Error: [FatalErrorException] syntax error, unexpected T_VAR
Request URL: /morningflights/cakephp/app/myapp/mfhours/edit/7
Stack Trace:
#0 C:\xampp\htdocs\morningflights\cakephp\lib\Cake\Error\ErrorHandler.php(203): ErrorHandler::handleFatalError(4, 'syntax error, u...', 'C:\xampp\htdocs...', 30)
#1 [internal function]: ErrorHandler::handleError(4, 'syntax error, u...', 'C:\xampp\htdocs...', 30, Array)
#2 C:\xampp\htdocs\morningflights\cakephp\lib\Cake\Core\App.php(931): call_user_func('ErrorHandler::h...', 4, 'syntax error, u...', 'C:\xampp\htdocs...', 30, Array)
#3 C:\xampp\htdocs\morningflights\cakephp\lib\Cake\Core\App.php(904): App::_checkFatalError()
#4 [internal function]: App::shutdown()
#5 {main}
2014-11-08 19:11:16 Error: Fatal Error (1): Call to a member function setFlash() on a non-object in [C:\xampp\htdocs\morningflights\cakephp\app\myapp\Controller\MfhoursController.php, line 73]
2014-11-08 19:11:16 Error: [FatalErrorException] Call to a member function setFlash() on a non-object
Request URL: /morningflights/cakephp/app/myapp/mfhours/edit/7
Stack Trace:
#0 C:\xampp\htdocs\morningflights\cakephp\lib\Cake\Error\ErrorHandler.php(203): ErrorHandler::handleFatalError(1, 'Call to a membe...', 'C:\xampp\htdocs...', 73)
#1 [internal function]: ErrorHandler::handleError(1, 'Call to a membe...', 'C:\xampp\htdocs...', 73, Array)
#2 C:\xampp\htdocs\morningflights\cakephp\lib\Cake\Core\App.php(931): call_user_func('ErrorHandler::h...', 1, 'Call to a membe...', 'C:\xampp\htdocs...', 73, Array)
#3 C:\xampp\htdocs\morningflights\cakephp\lib\Cake\Core\App.php(904): App::_checkFatalError()
#4 [internal function]: App::shutdown()
#5 {main}
2014-11-08 19:43:42 Error: [PDOException] SQLSTATE[23000]: Integrity constraint violation: 1452 Cannot add or update a child row: a foreign key constraint fails (`morningflight1`.`tbl_mfcountdates`, CONSTRAINT `fk_mfcounter` FOREIGN KEY (`CounterID`) REFERENCES `tbl_mfcounters` (`CounterID`) ON DELETE NO ACTION ON UPDATE NO ACTION)
Request URL: /morningflights/cakephp/app/myapp/mfcountdates/add
Stack Trace:
#0 C:\xampp\htdocs\morningflights\cakephp\lib\Cake\Model\Datasource\DboSource.php(458): PDOStatement->execute(Array)
#1 C:\xampp\htdocs\morningflights\cakephp\lib\Cake\Model\Datasource\DboSource.php(424): DboSource->_execute('INSERT INTO `mo...', Array)
#2 C:\xampp\htdocs\morningflights\cakephp\lib\Cake\Model\Datasource\DboSource.php(1012): DboSource->execute('INSERT INTO `mo...')
#3 C:\xampp\htdocs\morningflights\cakephp\lib\Cake\Model\Model.php(1854): DboSource->create(Object(Mfcountdate), Array, Array)
#4 C:\xampp\htdocs\morningflights\cakephp\app\myapp\Controller\MfcountdatesController.php(51): Model->save(Array)
#5 [internal function]: MfcountdatesController->add()
#6 C:\xampp\htdocs\morningflights\cakephp\lib\Cake\Controller\Controller.php(490): ReflectionMethod->invokeArgs(Object(MfcountdatesController), Array)
#7 C:\xampp\htdocs\morningflights\cakephp\lib\Cake\Routing\Dispatcher.php(191): Controller->invokeAction(Object(CakeRequest))
#8 C:\xampp\htdocs\morningflights\cakephp\lib\Cake\Routing\Dispatcher.php(165): Dispatcher->_invoke(Object(MfcountdatesController), Object(CakeRequest))
#9 C:\xampp\htdocs\morningflights\cakephp\app\myapp\webroot\index.php(99): Dispatcher->dispatch(Object(CakeRequest), Object(CakeResponse))
#10 {main}
2014-11-08 19:51:46 Error: [MissingControllerException] Controller class MfcountdateController could not be found.
Exception Attributes: array (
  'class' => 'MfcountdateController',
  'plugin' => NULL,
)
Request URL: /morningflights/cakephp/app/myapp/mfcountdate
Stack Trace:
#0 C:\xampp\htdocs\morningflights\cakephp\app\myapp\webroot\index.php(99): Dispatcher->dispatch(Object(CakeRequest), Object(CakeResponse))
#1 {main}
2014-11-08 19:51:49 Error: [MissingControllerException] Controller class MfcountdatsController could not be found.
Exception Attributes: array (
  'class' => 'MfcountdatsController',
  'plugin' => NULL,
)
Request URL: /morningflights/cakephp/app/myapp/mfcountdats
Stack Trace:
#0 C:\xampp\htdocs\morningflights\cakephp\app\myapp\webroot\index.php(99): Dispatcher->dispatch(Object(CakeRequest), Object(CakeResponse))
#1 {main}
2014-11-08 20:37:30 Error: [PDOException] SQLSTATE[42S22]: Column not found: 1054 Unknown column 'Mfcounter.mfcountdate_id' in 'on clause'
Request URL: /morningflights/cakephp/app/myapp/mfcountdates
Stack Trace:
#0 C:\xampp\htdocs\morningflights\cakephp\lib\Cake\Model\Datasource\DboSource.php(458): PDOStatement->execute(Array)
#1 C:\xampp\htdocs\morningflights\cakephp\lib\Cake\Model\Datasource\DboSource.php(424): DboSource->_execute('SELECT `Mfcount...', Array)
#2 C:\xampp\htdocs\morningflights\cakephp\lib\Cake\Model\Datasource\DboSource.php(666): DboSource->execute('SELECT `Mfcount...', Array, Array)
#3 C:\xampp\htdocs\morningflights\cakephp\lib\Cake\Model\Datasource\DboSource.php(1106): DboSource->fetchAll('SELECT `Mfcount...', false)
#4 C:\xampp\htdocs\morningflights\cakephp\lib\Cake\Model\Model.php(2947): DboSource->read(Object(Mfcountdate), Array)
#5 C:\xampp\htdocs\morningflights\cakephp\lib\Cake\Model\Model.php(2919): Model->_readDataSource('all', Array)
#6 C:\xampp\htdocs\morningflights\cakephp\lib\Cake\Controller\Component\PaginatorComponent.php(196): Model->find('all', Array)
#7 C:\xampp\htdocs\morningflights\cakephp\app\myapp\Controller\MfcountdatesController.php(25): PaginatorComponent->paginate()
#8 [internal function]: MfcountdatesController->index()
#9 C:\xampp\htdocs\morningflights\cakephp\lib\Cake\Controller\Controller.php(490): ReflectionMethod->invokeArgs(Object(MfcountdatesController), Array)
#10 C:\xampp\htdocs\morningflights\cakephp\lib\Cake\Routing\Dispatcher.php(191): Controller->invokeAction(Object(CakeRequest))
#11 C:\xampp\htdocs\morningflights\cakephp\lib\Cake\Routing\Dispatcher.php(165): Dispatcher->_invoke(Object(MfcountdatesController), Object(CakeRequest))
#12 C:\xampp\htdocs\morningflights\cakephp\app\myapp\webroot\index.php(99): Dispatcher->dispatch(Object(CakeRequest), Object(CakeResponse))
#13 {main}
2014-11-08 20:39:58 Error: [PDOException] SQLSTATE[42S22]: Column not found: 1054 Unknown column 'Mfcounter.mfcountdate_id' in 'on clause'
Request URL: /morningflights/cakephp/app/myapp/mfcountdates
Stack Trace:
#0 C:\xampp\htdocs\morningflights\cakephp\lib\Cake\Model\Datasource\DboSource.php(458): PDOStatement->execute(Array)
#1 C:\xampp\htdocs\morningflights\cakephp\lib\Cake\Model\Datasource\DboSource.php(424): DboSource->_execute('SELECT `Mfcount...', Array)
#2 C:\xampp\htdocs\morningflights\cakephp\lib\Cake\Model\Datasource\DboSource.php(666): DboSource->execute('SELECT `Mfcount...', Array, Array)
#3 C:\xampp\htdocs\morningflights\cakephp\lib\Cake\Model\Datasource\DboSource.php(1106): DboSource->fetchAll('SELECT `Mfcount...', false)
#4 C:\xampp\htdocs\morningflights\cakephp\lib\Cake\Model\Model.php(2947): DboSource->read(Object(Mfcountdate), Array)
#5 C:\xampp\htdocs\morningflights\cakephp\lib\Cake\Model\Model.php(2919): Model->_readDataSource('all', Array)
#6 C:\xampp\htdocs\morningflights\cakephp\lib\Cake\Controller\Component\PaginatorComponent.php(196): Model->find('all', Array)
#7 C:\xampp\htdocs\morningflights\cakephp\app\myapp\Controller\MfcountdatesController.php(25): PaginatorComponent->paginate()
#8 [internal function]: MfcountdatesController->index()
#9 C:\xampp\htdocs\morningflights\cakephp\lib\Cake\Controller\Controller.php(490): ReflectionMethod->invokeArgs(Object(MfcountdatesController), Array)
#10 C:\xampp\htdocs\morningflights\cakephp\lib\Cake\Routing\Dispatcher.php(191): Controller->invokeAction(Object(CakeRequest))
#11 C:\xampp\htdocs\morningflights\cakephp\lib\Cake\Routing\Dispatcher.php(165): Dispatcher->_invoke(Object(MfcountdatesController), Object(CakeRequest))
#12 C:\xampp\htdocs\morningflights\cakephp\app\myapp\webroot\index.php(99): Dispatcher->dispatch(Object(CakeRequest), Object(CakeResponse))
#13 {main}
2014-11-08 20:42:28 Error: [PDOException] SQLSTATE[42S22]: Column not found: 1054 Unknown column 'Mfcounter.mfcountdate_id' in 'on clause'
Request URL: /morningflights/cakephp/app/myapp/mfcountdates
Stack Trace:
#0 C:\xampp\htdocs\morningflights\cakephp\lib\Cake\Model\Datasource\DboSource.php(458): PDOStatement->execute(Array)
#1 C:\xampp\htdocs\morningflights\cakephp\lib\Cake\Model\Datasource\DboSource.php(424): DboSource->_execute('SELECT `Mfcount...', Array)
#2 C:\xampp\htdocs\morningflights\cakephp\lib\Cake\Model\Datasource\DboSource.php(666): DboSource->execute('SELECT `Mfcount...', Array, Array)
#3 C:\xampp\htdocs\morningflights\cakephp\lib\Cake\Model\Datasource\DboSource.php(1106): DboSource->fetchAll('SELECT `Mfcount...', false)
#4 C:\xampp\htdocs\morningflights\cakephp\lib\Cake\Model\Model.php(2947): DboSource->read(Object(Mfcountdate), Array)
#5 C:\xampp\htdocs\morningflights\cakephp\lib\Cake\Model\Model.php(2919): Model->_readDataSource('all', Array)
#6 C:\xampp\htdocs\morningflights\cakephp\lib\Cake\Controller\Component\PaginatorComponent.php(196): Model->find('all', Array)
#7 C:\xampp\htdocs\morningflights\cakephp\app\myapp\Controller\MfcountdatesController.php(25): PaginatorComponent->paginate()
#8 [internal function]: MfcountdatesController->index()
#9 C:\xampp\htdocs\morningflights\cakephp\lib\Cake\Controller\Controller.php(490): ReflectionMethod->invokeArgs(Object(MfcountdatesController), Array)
#10 C:\xampp\htdocs\morningflights\cakephp\lib\Cake\Routing\Dispatcher.php(191): Controller->invokeAction(Object(CakeRequest))
#11 C:\xampp\htdocs\morningflights\cakephp\lib\Cake\Routing\Dispatcher.php(165): Dispatcher->_invoke(Object(MfcountdatesController), Object(CakeRequest))
#12 C:\xampp\htdocs\morningflights\cakephp\app\myapp\webroot\index.php(99): Dispatcher->dispatch(Object(CakeRequest), Object(CakeResponse))
#13 {main}
2014-11-08 21:09:34 Error: [NotFoundException] Invalid mfcounter
Request URL: /morningflights/cakephp/app/myapp/mfcounters/edit
Stack Trace:
#0 [internal function]: MfcountersController->edit()
#1 C:\xampp\htdocs\morningflights\cakephp\lib\Cake\Controller\Controller.php(490): ReflectionMethod->invokeArgs(Object(MfcountersController), Array)
#2 C:\xampp\htdocs\morningflights\cakephp\lib\Cake\Routing\Dispatcher.php(191): Controller->invokeAction(Object(CakeRequest))
#3 C:\xampp\htdocs\morningflights\cakephp\lib\Cake\Routing\Dispatcher.php(165): Dispatcher->_invoke(Object(MfcountersController), Object(CakeRequest))
#4 C:\xampp\htdocs\morningflights\cakephp\app\myapp\webroot\index.php(99): Dispatcher->dispatch(Object(CakeRequest), Object(CakeResponse))
#5 {main}
2014-11-08 21:11:46 Error: Fatal Error (4): syntax error, unexpected '}', expecting ',' or ';' in [C:\xampp\htdocs\morningflights\cakephp\app\myapp\Model\Mfcount.php, line 33]
2014-11-08 21:11:46 Error: [FatalErrorException] syntax error, unexpected '}', expecting ',' or ';'
Request URL: /morningflights/cakephp/app/myapp/mfhours/view/1
Stack Trace:
#0 C:\xampp\htdocs\morningflights\cakephp\lib\Cake\Error\ErrorHandler.php(203): ErrorHandler::handleFatalError(4, 'syntax error, u...', 'C:\xampp\htdocs...', 33)
#1 [internal function]: ErrorHandler::handleError(4, 'syntax error, u...', 'C:\xampp\htdocs...', 33, Array)
#2 C:\xampp\htdocs\morningflights\cakephp\lib\Cake\Core\App.php(931): call_user_func('ErrorHandler::h...', 4, 'syntax error, u...', 'C:\xampp\htdocs...', 33, Array)
#3 C:\xampp\htdocs\morningflights\cakephp\lib\Cake\Core\App.php(904): App::_checkFatalError()
#4 [internal function]: App::shutdown()
#5 {main}
2014-11-08 21:18:02 Error: [PDOException] SQLSTATE[42S22]: Column not found: 1054 Unknown column 'Mfcount.HourID' in 'on clause'
Request URL: /morningflights/cakephp/app/myapp/mfcounts/edit/126
Stack Trace:
#0 C:\xampp\htdocs\morningflights\cakephp\lib\Cake\Model\Datasource\DboSource.php(458): PDOStatement->execute(Array)
#1 C:\xampp\htdocs\morningflights\cakephp\lib\Cake\Model\Datasource\DboSource.php(424): DboSource->_execute('SELECT `Mfcount...', Array)
#2 C:\xampp\htdocs\morningflights\cakephp\lib\Cake\Model\Datasource\DboSource.php(666): DboSource->execute('SELECT `Mfcount...', Array, Array)
#3 C:\xampp\htdocs\morningflights\cakephp\lib\Cake\Model\Datasource\DboSource.php(1106): DboSource->fetchAll('SELECT `Mfcount...', false)
#4 C:\xampp\htdocs\morningflights\cakephp\lib\Cake\Model\Model.php(2947): DboSource->read(Object(Mfcount), Array)
#5 C:\xampp\htdocs\morningflights\cakephp\lib\Cake\Model\Model.php(2919): Model->_readDataSource('first', Array)
#6 C:\xampp\htdocs\morningflights\cakephp\lib\Cake\Model\Model.php(1608): Model->find('first', Array)
#7 C:\xampp\htdocs\morningflights\cakephp\lib\Cake\Controller\Scaffold.php(260): Model->read()
#8 C:\xampp\htdocs\morningflights\cakephp\lib\Cake\Controller\Scaffold.php(394): Scaffold->_scaffoldSave(Object(CakeRequest), 'edit')
#9 C:\xampp\htdocs\morningflights\cakephp\lib\Cake\Controller\Scaffold.php(150): Scaffold->_scaffold(Object(CakeRequest))
#10 C:\xampp\htdocs\morningflights\cakephp\lib\Cake\Controller\Controller.php(535): Scaffold->__construct(Object(MfcountsController), Object(CakeRequest))
#11 C:\xampp\htdocs\morningflights\cakephp\lib\Cake\Controller\Controller.php(494): Controller->_getScaffold(Object(CakeRequest))
#12 C:\xampp\htdocs\morningflights\cakephp\lib\Cake\Routing\Dispatcher.php(191): Controller->invokeAction(Object(CakeRequest))
#13 C:\xampp\htdocs\morningflights\cakephp\lib\Cake\Routing\Dispatcher.php(165): Dispatcher->_invoke(Object(MfcountsController), Object(CakeRequest))
#14 C:\xampp\htdocs\morningflights\cakephp\app\myapp\webroot\index.php(99): Dispatcher->dispatch(Object(CakeRequest), Object(CakeResponse))
#15 {main}
2014-11-08 21:24:07 Error: [PDOException] SQLSTATE[23000]: Integrity constraint violation: 1452 Cannot add or update a child row: a foreign key constraint fails (`morningflight1`.`tbl_mfcountdates`, CONSTRAINT `fk_mfcounter` FOREIGN KEY (`CounterID`) REFERENCES `tbl_mfcounters` (`CounterID`) ON DELETE NO ACTION ON UPDATE NO ACTION)
Request URL: /morningflights/cakephp/app/myapp/mfcountdates/add
Stack Trace:
#0 C:\xampp\htdocs\morningflights\cakephp\lib\Cake\Model\Datasource\DboSource.php(458): PDOStatement->execute(Array)
#1 C:\xampp\htdocs\morningflights\cakephp\lib\Cake\Model\Datasource\DboSource.php(424): DboSource->_execute('INSERT INTO `mo...', Array)
#2 C:\xampp\htdocs\morningflights\cakephp\lib\Cake\Model\Datasource\DboSource.php(1012): DboSource->execute('INSERT INTO `mo...')
#3 C:\xampp\htdocs\morningflights\cakephp\lib\Cake\Model\Model.php(1854): DboSource->create(Object(Mfcountdate), Array, Array)
#4 C:\xampp\htdocs\morningflights\cakephp\lib\Cake\Controller\Scaffold.php(242): Model->save(Array)
#5 C:\xampp\htdocs\morningflights\cakephp\lib\Cake\Controller\Scaffold.php(390): Scaffold->_scaffoldSave(Object(CakeRequest), 'add')
#6 C:\xampp\htdocs\morningflights\cakephp\lib\Cake\Controller\Scaffold.php(150): Scaffold->_scaffold(Object(CakeRequest))
#7 C:\xampp\htdocs\morningflights\cakephp\lib\Cake\Controller\Controller.php(535): Scaffold->__construct(Object(MfcountdatesController), Object(CakeRequest))
#8 C:\xampp\htdocs\morningflights\cakephp\lib\Cake\Controller\Controller.php(494): Controller->_getScaffold(Object(CakeRequest))
#9 C:\xampp\htdocs\morningflights\cakephp\lib\Cake\Routing\Dispatcher.php(191): Controller->invokeAction(Object(CakeRequest))
#10 C:\xampp\htdocs\morningflights\cakephp\lib\Cake\Routing\Dispatcher.php(165): Dispatcher->_invoke(Object(MfcountdatesController), Object(CakeRequest))
#11 C:\xampp\htdocs\morningflights\cakephp\app\myapp\webroot\index.php(99): Dispatcher->dispatch(Object(CakeRequest), Object(CakeResponse))
#12 {main}
2014-11-08 21:25:00 Error: [NotFoundException] Invalid mfcounter
Request URL: /morningflights/cakephp/app/myapp/mfcounters/edit
Stack Trace:
#0 [internal function]: MfcountersController->edit()
#1 C:\xampp\htdocs\morningflights\cakephp\lib\Cake\Controller\Controller.php(490): ReflectionMethod->invokeArgs(Object(MfcountersController), Array)
#2 C:\xampp\htdocs\morningflights\cakephp\lib\Cake\Routing\Dispatcher.php(191): Controller->invokeAction(Object(CakeRequest))
#3 C:\xampp\htdocs\morningflights\cakephp\lib\Cake\Routing\Dispatcher.php(165): Dispatcher->_invoke(Object(MfcountersController), Object(CakeRequest))
#4 C:\xampp\htdocs\morningflights\cakephp\app\myapp\webroot\index.php(99): Dispatcher->dispatch(Object(CakeRequest), Object(CakeResponse))
#5 {main}
2014-11-08 21:25:45 Error: [MissingControllerException] Controller class AdminController could not be found.
Exception Attributes: array (
  'class' => 'AdminController',
  'plugin' => NULL,
)
Request URL: /morningflights/cakephp/app/myapp/admin
Stack Trace:
#0 C:\xampp\htdocs\morningflights\cakephp\app\myapp\webroot\index.php(99): Dispatcher->dispatch(Object(CakeRequest), Object(CakeResponse))
#1 {main}
2014-11-08 21:25:52 Error: [MissingActionException] Action Mfcountdates::admin() could not be found.
Exception Attributes: array (
  'controller' => 'Mfcountdates',
  'action' => 'admin',
)
Request URL: /morningflights/cakephp/app/myapp/mfcountdates/admin
Stack Trace:
#0 C:\xampp\htdocs\morningflights\cakephp\lib\Cake\Controller\Scaffold.php(150): Scaffold->_scaffold(Object(CakeRequest))
#1 C:\xampp\htdocs\morningflights\cakephp\lib\Cake\Controller\Controller.php(535): Scaffold->__construct(Object(MfcountdatesController), Object(CakeRequest))
#2 C:\xampp\htdocs\morningflights\cakephp\lib\Cake\Controller\Controller.php(494): Controller->_getScaffold(Object(CakeRequest))
#3 C:\xampp\htdocs\morningflights\cakephp\lib\Cake\Routing\Dispatcher.php(191): Controller->invokeAction(Object(CakeRequest))
#4 C:\xampp\htdocs\morningflights\cakephp\lib\Cake\Routing\Dispatcher.php(165): Dispatcher->_invoke(Object(MfcountdatesController), Object(CakeRequest))
#5 C:\xampp\htdocs\morningflights\cakephp\app\myapp\webroot\index.php(99): Dispatcher->dispatch(Object(CakeRequest), Object(CakeResponse))
#6 {main}
2014-11-08 21:25:58 Error: [MissingActionException] Action Mfcountdates::admin_index() could not be found.
Exception Attributes: array (
  'controller' => 'Mfcountdates',
  'action' => 'admin_index',
)
Request URL: /morningflights/cakephp/app/myapp/admin/mfcountdates/
Stack Trace:
#0 C:\xampp\htdocs\morningflights\cakephp\lib\Cake\Controller\Scaffold.php(150): Scaffold->_scaffold(Object(CakeRequest))
#1 C:\xampp\htdocs\morningflights\cakephp\lib\Cake\Controller\Controller.php(535): Scaffold->__construct(Object(MfcountdatesController), Object(CakeRequest))
#2 C:\xampp\htdocs\morningflights\cakephp\lib\Cake\Controller\Controller.php(494): Controller->_getScaffold(Object(CakeRequest))
#3 C:\xampp\htdocs\morningflights\cakephp\lib\Cake\Routing\Dispatcher.php(191): Controller->invokeAction(Object(CakeRequest))
#4 C:\xampp\htdocs\morningflights\cakephp\lib\Cake\Routing\Dispatcher.php(165): Dispatcher->_invoke(Object(MfcountdatesController), Object(CakeRequest))
#5 C:\xampp\htdocs\morningflights\cakephp\app\myapp\webroot\index.php(99): Dispatcher->dispatch(Object(CakeRequest), Object(CakeResponse))
#6 {main}
2014-11-08 21:36:36 Error: [NotFoundException] Invalid Mfcountdate
Request URL: /morningflights/cakephp/app/myapp/mfcountdates/view/3
Stack Trace:
#0 C:\xampp\htdocs\morningflights\cakephp\lib\Cake\Controller\Scaffold.php(386): Scaffold->_scaffoldView(Object(CakeRequest))
#1 C:\xampp\htdocs\morningflights\cakephp\lib\Cake\Controller\Scaffold.php(150): Scaffold->_scaffold(Object(CakeRequest))
#2 C:\xampp\htdocs\morningflights\cakephp\lib\Cake\Controller\Controller.php(535): Scaffold->__construct(Object(MfcountdatesController), Object(CakeRequest))
#3 C:\xampp\htdocs\morningflights\cakephp\lib\Cake\Controller\Controller.php(494): Controller->_getScaffold(Object(CakeRequest))
#4 C:\xampp\htdocs\morningflights\cakephp\lib\Cake\Routing\Dispatcher.php(191): Controller->invokeAction(Object(CakeRequest))
#5 C:\xampp\htdocs\morningflights\cakephp\lib\Cake\Routing\Dispatcher.php(165): Dispatcher->_invoke(Object(MfcountdatesController), Object(CakeRequest))
#6 C:\xampp\htdocs\morningflights\cakephp\app\myapp\webroot\index.php(99): Dispatcher->dispatch(Object(CakeRequest), Object(CakeResponse))
#7 {main}
2014-11-08 21:38:52 Error: [MissingTableException] Table tbl_mfcountdates_mfcounters for model MfcountdatesMfcounter was not found in datasource default.
Exception Attributes: array (
  'table' => 'tbl_mfcountdates_mfcounters',
  'class' => 'MfcountdatesMfcounter',
  'ds' => 'default',
)
Request URL: /morningflights/cakephp/app/myapp/mfcountdates/view/2
Stack Trace:
#0 C:\xampp\htdocs\morningflights\cakephp\lib\Cake\Model\Model.php(3566): Model->setSource('mfcountdates_mf...')
#1 C:\xampp\htdocs\morningflights\cakephp\lib\Cake\Model\Model.php(1369): Model->getDataSource()
#2 C:\xampp\htdocs\morningflights\cakephp\lib\Cake\Model\Model.php(872): Model->schema()
#3 C:\xampp\htdocs\morningflights\cakephp\lib\Cake\Model\Model.php(900): Model->__isset('MfcountdatesMfc...')
#4 C:\xampp\htdocs\morningflights\cakephp\lib\Cake\Model\Model.php(3642): Model->__get('MfcountdatesMfc...')
#5 C:\xampp\htdocs\morningflights\cakephp\lib\Cake\Model\Datasource\DboSource.php(1753): Model->joinModel('MfcountdatesMfc...', Array)
#6 C:\xampp\htdocs\morningflights\cakephp\lib\Cake\Model\Datasource\DboSource.php(1233): DboSource->generateAssociationQuery(Object(Mfcountdate), Object(Mfcounter), 'hasAndBelongsTo...', 'Mfcounter', Array, Array, true)
#7 C:\xampp\htdocs\morningflights\cakephp\lib\Cake\Model\Datasource\DboSource.php(1137): DboSource->queryAssociation(Object(Mfcountdate), Object(Mfcounter), 'hasAndBelongsTo...', 'Mfcounter', Array, Array, true, Array, 0, Array)
#8 C:\xampp\htdocs\morningflights\cakephp\lib\Cake\Model\Model.php(2947): DboSource->read(Object(Mfcountdate), Array)
#9 C:\xampp\htdocs\morningflights\cakephp\lib\Cake\Model\Model.php(2919): Model->_readDataSource('first', Array)
#10 C:\xampp\htdocs\morningflights\cakephp\lib\Cake\Model\Model.php(1608): Model->find('first', Array)
#11 C:\xampp\htdocs\morningflights\cakephp\lib\Cake\Controller\Scaffold.php(169): Model->read()
#12 C:\xampp\htdocs\morningflights\cakephp\lib\Cake\Controller\Scaffold.php(386): Scaffold->_scaffoldView(Object(CakeRequest))
#13 C:\xampp\htdocs\morningflights\cakephp\lib\Cake\Controller\Scaffold.php(150): Scaffold->_scaffold(Object(CakeRequest))
#14 C:\xampp\htdocs\morningflights\cakephp\lib\Cake\Controller\Controller.php(535): Scaffold->__construct(Object(MfcountdatesController), Object(CakeRequest))
#15 C:\xampp\htdocs\morningflights\cakephp\lib\Cake\Controller\Controller.php(494): Controller->_getScaffold(Object(CakeRequest))
#16 C:\xampp\htdocs\morningflights\cakephp\lib\Cake\Routing\Dispatcher.php(191): Controller->invokeAction(Object(CakeRequest))
#17 C:\xampp\htdocs\morningflights\cakephp\lib\Cake\Routing\Dispatcher.php(165): Dispatcher->_invoke(Object(MfcountdatesController), Object(CakeRequest))
#18 C:\xampp\htdocs\morningflights\cakephp\app\myapp\webroot\index.php(99): Dispatcher->dispatch(Object(CakeRequest), Object(CakeResponse))
#19 {main}
2014-11-08 21:43:08 Error: [MissingTableException] Table tbl_mfcountdates_mfcounters for model MfcountdatesMfcounter was not found in datasource default.
Exception Attributes: array (
  'table' => 'tbl_mfcountdates_mfcounters',
  'class' => 'MfcountdatesMfcounter',
  'ds' => 'default',
)
Request URL: /morningflights/cakephp/app/myapp/mfcountdates/view/2
Stack Trace:
#0 C:\xampp\htdocs\morningflights\cakephp\lib\Cake\Model\Model.php(3566): Model->setSource('mfcountdates_mf...')
#1 C:\xampp\htdocs\morningflights\cakephp\lib\Cake\Model\Model.php(1369): Model->getDataSource()
#2 C:\xampp\htdocs\morningflights\cakephp\lib\Cake\Model\Model.php(872): Model->schema()
#3 C:\xampp\htdocs\morningflights\cakephp\lib\Cake\Model\Model.php(900): Model->__isset('MfcountdatesMfc...')
#4 C:\xampp\htdocs\morningflights\cakephp\lib\Cake\Model\Model.php(3642): Model->__get('MfcountdatesMfc...')
#5 C:\xampp\htdocs\morningflights\cakephp\lib\Cake\Model\Datasource\DboSource.php(1753): Model->joinModel('MfcountdatesMfc...', Array)
#6 C:\xampp\htdocs\morningflights\cakephp\lib\Cake\Model\Datasource\DboSource.php(1233): DboSource->generateAssociationQuery(Object(Mfcountdate), Object(Mfcounter), 'hasAndBelongsTo...', 'Mfcounter', Array, Array, true)
#7 C:\xampp\htdocs\morningflights\cakephp\lib\Cake\Model\Datasource\DboSource.php(1137): DboSource->queryAssociation(Object(Mfcountdate), Object(Mfcounter), 'hasAndBelongsTo...', 'Mfcounter', Array, Array, true, Array, 0, Array)
#8 C:\xampp\htdocs\morningflights\cakephp\lib\Cake\Model\Model.php(2947): DboSource->read(Object(Mfcountdate), Array)
#9 C:\xampp\htdocs\morningflights\cakephp\lib\Cake\Model\Model.php(2919): Model->_readDataSource('first', Array)
#10 C:\xampp\htdocs\morningflights\cakephp\lib\Cake\Model\Model.php(1608): Model->find('first', Array)
#11 C:\xampp\htdocs\morningflights\cakephp\lib\Cake\Controller\Scaffold.php(169): Model->read()
#12 C:\xampp\htdocs\morningflights\cakephp\lib\Cake\Controller\Scaffold.php(386): Scaffold->_scaffoldView(Object(CakeRequest))
#13 C:\xampp\htdocs\morningflights\cakephp\lib\Cake\Controller\Scaffold.php(150): Scaffold->_scaffold(Object(CakeRequest))
#14 C:\xampp\htdocs\morningflights\cakephp\lib\Cake\Controller\Controller.php(535): Scaffold->__construct(Object(MfcountdatesController), Object(CakeRequest))
#15 C:\xampp\htdocs\morningflights\cakephp\lib\Cake\Controller\Controller.php(494): Controller->_getScaffold(Object(CakeRequest))
#16 C:\xampp\htdocs\morningflights\cakephp\lib\Cake\Routing\Dispatcher.php(191): Controller->invokeAction(Object(CakeRequest))
#17 C:\xampp\htdocs\morningflights\cakephp\lib\Cake\Routing\Dispatcher.php(165): Dispatcher->_invoke(Object(MfcountdatesController), Object(CakeRequest))
#18 C:\xampp\htdocs\morningflights\cakephp\app\myapp\webroot\index.php(99): Dispatcher->dispatch(Object(CakeRequest), Object(CakeResponse))
#19 {main}
2014-11-08 21:43:21 Error: [NotFoundException] Invalid mfcounter
Request URL: /morningflights/cakephp/app/myapp/mfcounters/delete
Stack Trace:
#0 [internal function]: MfcountersController->delete()
#1 C:\xampp\htdocs\morningflights\cakephp\lib\Cake\Controller\Controller.php(490): ReflectionMethod->invokeArgs(Object(MfcountersController), Array)
#2 C:\xampp\htdocs\morningflights\cakephp\lib\Cake\Routing\Dispatcher.php(191): Controller->invokeAction(Object(CakeRequest))
#3 C:\xampp\htdocs\morningflights\cakephp\lib\Cake\Routing\Dispatcher.php(165): Dispatcher->_invoke(Object(MfcountersController), Object(CakeRequest))
#4 C:\xampp\htdocs\morningflights\cakephp\app\myapp\webroot\index.php(99): Dispatcher->dispatch(Object(CakeRequest), Object(CakeResponse))
#5 {main}
2014-11-08 21:43:31 Error: [MissingTableException] Table tbl_mfcountdates_mfcounters for model MfcountdatesMfcounter was not found in datasource default.
Exception Attributes: array (
  'table' => 'tbl_mfcountdates_mfcounters',
  'class' => 'MfcountdatesMfcounter',
  'ds' => 'default',
)
Request URL: /morningflights/cakephp/app/myapp/mfcountdates/view/1
Stack Trace:
#0 C:\xampp\htdocs\morningflights\cakephp\lib\Cake\Model\Model.php(3566): Model->setSource('mfcountdates_mf...')
#1 C:\xampp\htdocs\morningflights\cakephp\lib\Cake\Model\Model.php(1369): Model->getDataSource()
#2 C:\xampp\htdocs\morningflights\cakephp\lib\Cake\Model\Model.php(872): Model->schema()
#3 C:\xampp\htdocs\morningflights\cakephp\lib\Cake\Model\Model.php(900): Model->__isset('MfcountdatesMfc...')
#4 C:\xampp\htdocs\morningflights\cakephp\lib\Cake\Model\Model.php(3642): Model->__get('MfcountdatesMfc...')
#5 C:\xampp\htdocs\morningflights\cakephp\lib\Cake\Model\Datasource\DboSource.php(1753): Model->joinModel('MfcountdatesMfc...', Array)
#6 C:\xampp\htdocs\morningflights\cakephp\lib\Cake\Model\Datasource\DboSource.php(1233): DboSource->generateAssociationQuery(Object(Mfcountdate), Object(Mfcounter), 'hasAndBelongsTo...', 'Mfcounter', Array, Array, true)
#7 C:\xampp\htdocs\morningflights\cakephp\lib\Cake\Model\Datasource\DboSource.php(1137): DboSource->queryAssociation(Object(Mfcountdate), Object(Mfcounter), 'hasAndBelongsTo...', 'Mfcounter', Array, Array, true, Array, 0, Array)
#8 C:\xampp\htdocs\morningflights\cakephp\lib\Cake\Model\Model.php(2947): DboSource->read(Object(Mfcountdate), Array)
#9 C:\xampp\htdocs\morningflights\cakephp\lib\Cake\Model\Model.php(2919): Model->_readDataSource('first', Array)
#10 C:\xampp\htdocs\morningflights\cakephp\lib\Cake\Model\Model.php(1608): Model->find('first', Array)
#11 C:\xampp\htdocs\morningflights\cakephp\lib\Cake\Controller\Scaffold.php(169): Model->read()
#12 C:\xampp\htdocs\morningflights\cakephp\lib\Cake\Controller\Scaffold.php(386): Scaffold->_scaffoldView(Object(CakeRequest))
#13 C:\xampp\htdocs\morningflights\cakephp\lib\Cake\Controller\Scaffold.php(150): Scaffold->_scaffold(Object(CakeRequest))
#14 C:\xampp\htdocs\morningflights\cakephp\lib\Cake\Controller\Controller.php(535): Scaffold->__construct(Object(MfcountdatesController), Object(CakeRequest))
#15 C:\xampp\htdocs\morningflights\cakephp\lib\Cake\Controller\Controller.php(494): Controller->_getScaffold(Object(CakeRequest))
#16 C:\xampp\htdocs\morningflights\cakephp\lib\Cake\Routing\Dispatcher.php(191): Controller->invokeAction(Object(CakeRequest))
#17 C:\xampp\htdocs\morningflights\cakephp\lib\Cake\Routing\Dispatcher.php(165): Dispatcher->_invoke(Object(MfcountdatesController), Object(CakeRequest))
#18 C:\xampp\htdocs\morningflights\cakephp\app\myapp\webroot\index.php(99): Dispatcher->dispatch(Object(CakeRequest), Object(CakeResponse))
#19 {main}
2014-11-08 21:45:38 Error: [NotFoundException] Invalid mfcounter
Request URL: /morningflights/cakephp/app/myapp/mfcounters/edit
Stack Trace:
#0 [internal function]: MfcountersController->edit()
#1 C:\xampp\htdocs\morningflights\cakephp\lib\Cake\Controller\Controller.php(490): ReflectionMethod->invokeArgs(Object(MfcountersController), Array)
#2 C:\xampp\htdocs\morningflights\cakephp\lib\Cake\Routing\Dispatcher.php(191): Controller->invokeAction(Object(CakeRequest))
#3 C:\xampp\htdocs\morningflights\cakephp\lib\Cake\Routing\Dispatcher.php(165): Dispatcher->_invoke(Object(MfcountersController), Object(CakeRequest))
#4 C:\xampp\htdocs\morningflights\cakephp\app\myapp\webroot\index.php(99): Dispatcher->dispatch(Object(CakeRequest), Object(CakeResponse))
#5 {main}
